Arguments: 
  C:\Program Files\nodejs\node.exe C:\Program Files (x86)\Yarn\bin\yarn.js add graphql-yogo

PATH: 
  C:\Users\user\bin;C:\Program Files\Git\mingw64\bin;C:\Program Files\Git\usr\local\bin;C:\Program Files\Git\usr\bin;C:\Program Files\Git\usr\bin;C:\Program Files\Git\mingw64\bin;C:\Program Files\Git\usr\bin;C:\Users\user\bin;C:\ProgramData\DockerDesktop\version-bin;C:\Program Files\Docker\Docker\Resources\bin;C:\app\user\product\11.2.0\client_1\bin;C:\Windows\system32;C:\Windows;C:\Windows\System32\Wbem;C:\Windows\System32\WindowsPowerShell\v1.0;C:\Windows\System32\OpenSSH;C:\Program Files\TortoiseSVN\bin;C:\Program Files (x86)\Sybase\SQL Anywhere 9\win32;C:\Program Files (x86)\Sybase\Shared\win32;C:\Program Files (x86)\Sybase\SQL Anywhere 9\drivers;C:\Program Files (x86)\Sybase\Shared\Sybase Central 4.3\win32;C:\Program Files (x86)\Sybase\Shared\PowerBuilder;C:\Program Files (x86)\Sybase\Shared\Web Targets;C:\Program Files\WinMerge;C:\Program Files (x86)\Yarn\bin;C:\Program Files\nodejs;C:\Program Files\Git\cmd;C:\Users\user\AppData\Local\Programs\Python\Python37\Scripts;C:\Users\user\AppData\Local\Programs\Python\Python37;C:\Users\user\AppData\Local\Microsoft\WindowsApps;C:\Users\user\AppData\Local\Yarn\bin;C:\Users\user\AppData\Roaming\npm;C:\Users\user\AppData\Local\Programs\Microsoft VS Code\bin;C:\Program Files\Git\usr\bin\vendor_perl;C:\Program Files\Git\usr\bin\core_perl

Yarn version: 
  1.16.0

Node version: 
  10.16.0

Platform: 
  win32 x64

Trace: 
  Error: https://registry.yarnpkg.com/graphql-yogo: Not found
      at Request.params.callback [as _callback] (C:\Program Files (x86)\Yarn\lib\cli.js:65200:18)
      at Request.self.callback (C:\Program Files (x86)\Yarn\lib\cli.js:129590:22)
      at Request.emit (events.js:198:13)
      at Request.<anonymous> (C:\Program Files (x86)\Yarn\lib\cli.js:130562:10)
      at Request.emit (events.js:198:13)
      at IncomingMessage.<anonymous> (C:\Program Files (x86)\Yarn\lib\cli.js:130484:12)
      at Object.onceWrapper (events.js:286:20)
      at IncomingMessage.emit (events.js:203:15)
      at endReadableNT (_stream_readable.js:1129:12)
      at process._tickCallback (internal/process/next_tick.js:63:19)

npm manifest: 
  {
    "name": "MERN",
    "version": "1.0.0",
    "main": "index.js",
    "repository": "https://github.com/kevinamos/MERN.git",
    "author": "kevinamos <kevinongango@gmail.com>",
    "license": "MIT"
  }

yarn manifest: 
  No manifest

Lockfile: 
  No lockfile
